<?xml version="1.0" encoding="UTF-8"?>
<!-- Generated by org.testng.reporters.JUnitXMLReporter -->
<testsuite hostname="LAPTOP-TGBMDVI2" ignored="9" name="all loan " tests="3" failures="0" timestamp="12 May 2018 22:12:04 GMT" time="0.062" errors="0">
  <testcase name="hometest" time="0.015" classname="test.Day2"/>
  <testcase name="personaltest" time="0.004" classname="test.Day1"/>
  <testcase name="cartest2" time="0.002" classname="test.Day3"/>
  <testcase name="mobilelogin" time="0.0" classname="test.Day1">
    <ignored/>
  </testcase> <!-- mobilelogin -->
  <testcase name="apilogin" time="0.0" classname="test.Day1">
    <ignored/>
  </testcase> <!-- apilogin -->
  <testcase name="personaltest2" time="0.0" classname="test.Day1">
    <ignored/>
  </testcase> <!-- personaltest2 -->
  <testcase name="hometest2" time="0.0" classname="test.Day2">
    <ignored/>
  </testcase> <!-- hometest2 -->
  <testcase name="weblogin" time="0.0" classname="test.Day1">
    <ignored/>
  </testcase> <!-- weblogin -->
  <testcase name="personal" time="0.0" classname="test.Day1">
    <ignored/>
  </testcase> <!-- personal -->
  <testcase name="car" time="0.0" classname="test.Day3">
    <ignored/>
  </testcase> <!-- car -->
  <testcase name="cartest" time="0.0" classname="test.Day3">
    <ignored/>
  </testcase> <!-- cartest -->
  <testcase name="home" time="0.0" classname="test.Day2">
    <ignored/>
  </testcase> <!-- home -->
</testsuite> <!-- all loan  -->
