<?xml version="1.0" encoding="UTF-8"?>
<!-- Generated by org.testng.reporters.JUnitXMLReporter -->
<testsuite hostname="LAPTOP-TGBMDVI2" ignored="0" name="Test" tests="12" failures="0" timestamp="12 May 2018 20:18:40 GMT" time="0.11" errors="0">
  <testcase name="car" time="0.022" classname="test.Day3"/>
  <testcase name="cartest" time="0.008" classname="test.Day3"/>
  <testcase name="cartest2" time="0.002" classname="test.Day3"/>
  <testcase name="home" time="0.004" classname="test.Day2"/>
  <testcase name="hometest" time="0.001" classname="test.Day2"/>
  <testcase name="hometest2" time="0.003" classname="test.Day2"/>
  <testcase name="apiloginpersonal" time="0.002" classname="test.Day1"/>
  <testcase name="mobileloginpersonal" time="0.001" classname="test.Day1"/>
  <testcase name="personal" time="0.001" classname="test.Day1"/>
  <testcase name="personaltest" time="0.001" classname="test.Day1"/>
  <testcase name="personaltest2" time="0.001" classname="test.Day1"/>
  <testcase name="webloginpersonal" time="0.001" classname="test.Day1"/>
</testsuite> <!-- Test -->
